<?xml version="1.0" encoding="UTF-8"?>
<!-- Generated by org.testng.reporters.JUnitXMLReporter -->
<testsuite hostname="MDs-MacBook-Pro-2.local" ignored="0" name="T_01" tests="4" failures="0" timestamp="28 Oct 2018 02:02:45 GMT" time="59.542" errors="0">
  <testcase name="testLink" time="13.471" classname="us.biplob.TestOne"/>
  <testcase name="testLink2" time="6.971" classname="us.biplob.TestOne"/>
  <testcase name="testLink3" time="13.684" classname="us.biplob.TestOne"/>
  <testcase name="testLink4" time="17.366" classname="us.biplob.TestOne"/>
</testsuite> <!-- T_01 -->
