<?xml version="1.0" encoding="UTF-8"?>
<!-- Generated by org.testng.reporters.JUnitXMLReporter -->
<testsuite hostname="MDs-MacBook-Pro-2.local" ignored="0" name="T_02" tests="4" failures="0" timestamp="28 Oct 2018 02:02:45 GMT" time="59.44" errors="0">
  <testcase name="testLink" time="9.791" classname="us.biplob.TestTwo"/>
  <testcase name="testLink2" time="7.629" classname="us.biplob.TestTwo"/>
  <testcase name="testLink3" time="16.128" classname="us.biplob.TestTwo"/>
  <testcase name="testLink4" time="18.076" classname="us.biplob.TestTwo"/>
</testsuite> <!-- T_02 -->
