<?xml version="1.0" encoding="UTF-8"?>
<testng-results skipped="0" failed="0" ignored="0" total="16" passed="16">
  <reporter-output>
  </reporter-output>
  <suite name="Parallel test runs" duration-ms="60099" started-at="2018-10-28T02:01:46Z" finished-at="2018-10-28T02:02:46Z">
    <groups>
    </groups>
    <test name="T_04" duration-ms="57201" started-at="2018-10-28T02:01:46Z" finished-at="2018-10-28T02:02:43Z">
      <class name="us.biplob.TestFour">
        <test-method status="PASS" signature="startTime()[pri:0, instance:us.biplob.TestFour@3c3d8fc7]" name="startTime" is-config="true" duration-ms="29" started-at="2018-10-27T21:01:46Z" finished-at="2018-10-27T21:01:46Z">
          <reporter-output>
          </reporter-output>
        </test-method> <!-- startTime -->
        <test-method status="PASS" signature="setUp()[pri:0, instance:us.biplob.TestFour@3c3d8fc7]" name="setUp" is-config="true" duration-ms="7588" started-at="2018-10-27T21:01:46Z" finished-at="2018-10-27T21:01:53Z">
          <reporter-output>
          </reporter-output>
        </test-method> <!-- setUp -->
        <test-method status="PASS" signature="testLink()[pri:0, instance:us.biplob.TestFour@3c3d8fc7]" name="testLink" duration-ms="11285" started-at="2018-10-27T21:01:53Z" finished-at="2018-10-27T21:02:04Z">
          <reporter-output>
          </reporter-output>
        </test-method> <!-- testLink -->
        <test-method status="PASS" signature="testLink2()[pri:0, instance:us.biplob.TestFour@3c3d8fc7]" name="testLink2" duration-ms="7485" started-at="2018-10-27T21:02:04Z" finished-at="2018-10-27T21:02:12Z">
          <reporter-output>
          </reporter-output>
        </test-method> <!-- testLink2 -->
        <test-method status="PASS" signature="testLink3()[pri:0, instance:us.biplob.TestFour@3c3d8fc7]" name="testLink3" duration-ms="13611" started-at="2018-10-27T21:02:12Z" finished-at="2018-10-27T21:02:26Z">
          <reporter-output>
          </reporter-output>
        </test-method> <!-- testLink3 -->
        <test-method status="PASS" signature="testLink4()[pri:0, instance:us.biplob.TestFour@3c3d8fc7]" name="testLink4" duration-ms="17022" started-at="2018-10-27T21:02:26Z" finished-at="2018-10-27T21:02:43Z">
          <reporter-output>
          </reporter-output>
        </test-method> <!-- testLink4 -->
        <test-method status="PASS" signature="closeBrowser()[pri:0, instance:us.biplob.TestFour@3c3d8fc7]" name="closeBrowser" is-config="true" duration-ms="204" started-at="2018-10-27T21:02:43Z" finished-at="2018-10-27T21:02:43Z">
          <reporter-output>
          </reporter-output>
        </test-method> <!-- closeBrowser -->
        <test-method status="PASS" signature="endTime()[pri:0, instance:us.biplob.TestFour@3c3d8fc7]" name="endTime" is-config="true" duration-ms="5" started-at="2018-10-27T21:02:46Z" finished-at="2018-10-27T21:02:46Z">
          <reporter-output>
          </reporter-output>
        </test-method> <!-- endTime -->
      </class> <!-- us.biplob.TestFour -->
    </test> <!-- T_04 -->
    <test name="T_02" duration-ms="59440" started-at="2018-10-28T02:01:46Z" finished-at="2018-10-28T02:02:45Z">
      <class name="us.biplob.TestTwo">
        <test-method status="PASS" signature="setUp()[pri:0, instance:us.biplob.TestTwo@562b1b07]" name="setUp" is-config="true" duration-ms="7673" started-at="2018-10-27T21:01:46Z" finished-at="2018-10-27T21:01:53Z">
          <reporter-output>
          </reporter-output>
        </test-method> <!-- setUp -->
        <test-method status="PASS" signature="testLink()[pri:0, instance:us.biplob.TestTwo@562b1b07]" name="testLink" duration-ms="9791" started-at="2018-10-27T21:01:53Z" finished-at="2018-10-27T21:02:03Z">
          <reporter-output>
          </reporter-output>
        </test-method> <!-- testLink -->
        <test-method status="PASS" signature="testLink2()[pri:0, instance:us.biplob.TestTwo@562b1b07]" name="testLink2" duration-ms="7629" started-at="2018-10-27T21:02:03Z" finished-at="2018-10-27T21:02:11Z">
          <reporter-output>
          </reporter-output>
        </test-method> <!-- testLink2 -->
        <test-method status="PASS" signature="testLink3()[pri:0, instance:us.biplob.TestTwo@562b1b07]" name="testLink3" duration-ms="16128" started-at="2018-10-27T21:02:11Z" finished-at="2018-10-27T21:02:27Z">
          <reporter-output>
          </reporter-output>
        </test-method> <!-- testLink3 -->
        <test-method status="PASS" signature="testLink4()[pri:0, instance:us.biplob.TestTwo@562b1b07]" name="testLink4" duration-ms="18076" started-at="2018-10-27T21:02:27Z" finished-at="2018-10-27T21:02:45Z">
          <reporter-output>
          </reporter-output>
        </test-method> <!-- testLink4 -->
        <test-method status="PASS" signature="closeBrowser()[pri:0, instance:us.biplob.TestTwo@562b1b07]" name="closeBrowser" is-config="true" duration-ms="138" started-at="2018-10-27T21:02:45Z" finished-at="2018-10-27T21:02:45Z">
          <reporter-output>
          </reporter-output>
        </test-method> <!-- closeBrowser -->
      </class> <!-- us.biplob.TestTwo -->
    </test> <!-- T_02 -->
    <test name="T_01" duration-ms="59542" started-at="2018-10-28T02:01:46Z" finished-at="2018-10-28T02:02:45Z">
      <class name="us.biplob.TestOne">
        <test-method status="PASS" signature="setUp()[pri:0, instance:us.biplob.TestOne@102b71e2]" name="setUp" is-config="true" duration-ms="7909" started-at="2018-10-27T21:01:46Z" finished-at="2018-10-27T21:01:53Z">
          <reporter-output>
          </reporter-output>
        </test-method> <!-- setUp -->
        <test-method status="PASS" signature="testLink()[pri:0, instance:us.biplob.TestOne@102b71e2]" name="testLink" duration-ms="13471" started-at="2018-10-27T21:01:53Z" finished-at="2018-10-27T21:02:07Z">
          <reporter-output>
          </reporter-output>
        </test-method> <!-- testLink -->
        <test-method status="PASS" signature="testLink2()[pri:0, instance:us.biplob.TestOne@102b71e2]" name="testLink2" duration-ms="6971" started-at="2018-10-27T21:02:07Z" finished-at="2018-10-27T21:02:14Z">
          <reporter-output>
          </reporter-output>
        </test-method> <!-- testLink2 -->
        <test-method status="PASS" signature="testLink3()[pri:0, instance:us.biplob.TestOne@102b71e2]" name="testLink3" duration-ms="13684" started-at="2018-10-27T21:02:14Z" finished-at="2018-10-27T21:02:28Z">
          <reporter-output>
          </reporter-output>
        </test-method> <!-- testLink3 -->
        <test-method status="PASS" signature="testLink4()[pri:0, instance:us.biplob.TestOne@102b71e2]" name="testLink4" duration-ms="17366" started-at="2018-10-27T21:02:28Z" finished-at="2018-10-27T21:02:45Z">
          <reporter-output>
          </reporter-output>
        </test-method> <!-- testLink4 -->
        <test-method status="PASS" signature="closeBrowser()[pri:0, instance:us.biplob.TestOne@102b71e2]" name="closeBrowser" is-config="true" duration-ms="134" started-at="2018-10-27T21:02:45Z" finished-at="2018-10-27T21:02:45Z">
          <reporter-output>
          </reporter-output>
        </test-method> <!-- closeBrowser -->
      </class> <!-- us.biplob.TestOne -->
    </test> <!-- T_01 -->
    <test name="T_03" duration-ms="60098" started-at="2018-10-28T02:01:46Z" finished-at="2018-10-28T02:02:46Z">
      <class name="us.biplob.TestThree">
        <test-method status="PASS" signature="setUp()[pri:0, instance:us.biplob.TestThree@51f8f8ff]" name="setUp" is-config="true" duration-ms="7215" started-at="2018-10-27T21:01:46Z" finished-at="2018-10-27T21:01:53Z">
          <reporter-output>
          </reporter-output>
        </test-method> <!-- setUp -->
        <test-method status="PASS" signature="testLink()[pri:0, instance:us.biplob.TestThree@51f8f8ff]" name="testLink" duration-ms="9221" started-at="2018-10-27T21:01:53Z" finished-at="2018-10-27T21:02:02Z">
          <reporter-output>
          </reporter-output>
        </test-method> <!-- testLink -->
        <test-method status="PASS" signature="testLink2()[pri:0, instance:us.biplob.TestThree@51f8f8ff]" name="testLink2" duration-ms="7623" started-at="2018-10-27T21:02:02Z" finished-at="2018-10-27T21:02:10Z">
          <reporter-output>
          </reporter-output>
        </test-method> <!-- testLink2 -->
        <test-method status="PASS" signature="testLink3()[pri:0, instance:us.biplob.TestThree@51f8f8ff]" name="testLink3" duration-ms="19448" started-at="2018-10-27T21:02:10Z" finished-at="2018-10-27T21:02:29Z">
          <reporter-output>
          </reporter-output>
        </test-method> <!-- testLink3 -->
        <test-method status="PASS" signature="testLink4()[pri:0, instance:us.biplob.TestThree@51f8f8ff]" name="testLink4" duration-ms="16495" started-at="2018-10-27T21:02:29Z" finished-at="2018-10-27T21:02:46Z">
          <reporter-output>
          </reporter-output>
        </test-method> <!-- testLink4 -->
        <test-method status="PASS" signature="closeBrowser()[pri:0, instance:us.biplob.TestThree@51f8f8ff]" name="closeBrowser" is-config="true" duration-ms="82" started-at="2018-10-27T21:02:46Z" finished-at="2018-10-27T21:02:46Z">
          <reporter-output>
          </reporter-output>
        </test-method> <!-- closeBrowser -->
      </class> <!-- us.biplob.TestThree -->
    </test> <!-- T_03 -->
  </suite> <!-- Parallel test runs -->
</testng-results>
